[debug] [2022-04-30T20:37:32.368Z] ----------------------------------------------------------------------
[debug] [2022-04-30T20:37:32.370Z] Command:       C:\Program Files\nodejs\node.exe C:\Users\AC\AppData\Roaming\npm\node_modules\firebase-tools\lib\bin\firebase.js init
[debug] [2022-04-30T20:37:32.370Z] CLI Version:   10.6.0
[debug] [2022-04-30T20:37:32.370Z] Platform:      win32
[debug] [2022-04-30T20:37:32.370Z] Node Version:  v16.13.1
[debug] [2022-04-30T20:37:32.384Z] Time:          Sun May 01 2022 02:37:32 GMT+0600 (Bangladesh Standard Time)
[debug] [2022-04-30T20:37:32.384Z] ----------------------------------------------------------------------
[debug] 
[debug] [2022-04-30T20:37:32.387Z] >>> [apiv2][query] GET https://firebase-public.firebaseio.com/cli.json [none]
[debug] [2022-04-30T20:37:32.446Z] > command requires scopes: ["email","openid","https://www.googleapis.com/auth/cloudplatformprojects.readonly","https://www.googleapis.com/auth/firebase","https://www.googleapis.com/auth/cloud-platform"]
[debug] [2022-04-30T20:37:32.446Z] > authorizing via signed-in user (shakilahamed.ict.iu@gmail.com)
[info] 
     ######## #### ########  ######## ########     ###     ######  ########
     ##        ##  ##     ## ##       ##     ##  ##   ##  ##       ##
     ######    ##  ########  ######   ########  #########  ######  ######
     ##        ##  ##    ##  ##       ##     ## ##     ##       ## ##
     ##       #### ##     ## ######## ########  ##     ##  ######  ########

You're about to initialize a Firebase project in this directory:

  C:\projects

Before we get started, keep in mind:

  * You are currently outside your home directory
  * You are initializing within an existing Firebase project directory

[debug] [2022-04-30T20:37:33.874Z] <<< [apiv2][status] GET https://firebase-public.firebaseio.com/cli.json 200
[debug] [2022-04-30T20:37:33.874Z] <<< [apiv2][body] GET https://firebase-public.firebaseio.com/cli.json {"cloudBuildErrorAfter":1594252800000,"cloudBuildWarnAfter":1590019200000,"defaultNode10After":1594252800000,"minVersion":"3.0.5","node8DeploysDisabledAfter":1613390400000,"node8RuntimeDisabledAfter":1615809600000,"node8WarnAfter":1600128000000}
[info] 
=== Project Setup
[info] 
[info] First, let's associate this project directory with a Firebase project.
[info] You can create multiple project aliases by running firebase use --add, 
[info] but for now we'll just set up a default project.
[info] 
[debug] [2022-04-30T20:37:55.682Z] Using project from CLI flag: dentist-website-aabe2
[debug] [2022-04-30T20:37:55.682Z] > refreshing access token with scopes: []
[debug] [2022-04-30T20:37:55.683Z] >>> HTTP REQUEST POST https://www.googleapis.com/oauth2/v3/token  
 <request body omitted>
[debug] [2022-04-30T20:37:56.330Z] <<< HTTP RESPONSE 200 {"expires":"Mon, 01 Jan 1990 00:00:00 GMT","pragma":"no-cache","date":"Sat, 30 Apr 2022 20:38:02 GMT","cache-control":"no-cache, no-store, max-age=0, must-revalidate","content-type":"application/json; charset=utf-8","vary":"X-Origin, Referer, Origin,Accept-Encoding","server":"scaffolding on HTTPServer2","x-xss-protection":"0","x-frame-options":"SAMEORIGIN","x-content-type-options":"nosniff","alt-svc":"h3=\":443\"; ma=2592000,h3-29=\":443\"; ma=2592000,h3-Q050=\":443\"; ma=2592000,h3-Q046=\":443\"; ma=2592000,h3-Q043=\":443\"; ma=2592000,quic=\":443\"; ma=2592000; v=\"46,43\"","accept-ranges":"none","transfer-encoding":"chunked"}
[debug] [2022-04-30T20:37:56.337Z] >>> [apiv2][query] GET https://firebase.googleapis.com/v1beta1/projects/dentist-website-aabe2 [none]
[debug] [2022-04-30T20:37:57.277Z] <<< [apiv2][status] GET https://firebase.googleapis.com/v1beta1/projects/dentist-website-aabe2 200
[debug] [2022-04-30T20:37:57.277Z] <<< [apiv2][body] GET https://firebase.googleapis.com/v1beta1/projects/dentist-website-aabe2 {"projectId":"dentist-website-aabe2","projectNumber":"66757909785","displayName":"dentist-website","name":"projects/dentist-website-aabe2","resources":{"hostingSite":"dentist-website-aabe2"},"state":"ACTIVE"}
[info] i  Using project dentist-website-aabe2 (dentist-website) 
[info] 
=== Hosting Setup
[info] 
[info] Your public directory is the folder (relative to your project directory) that
[info] will contain Hosting assets to be uploaded with firebase deploy. If you
[info] have a build process for your assets, use your build's output directory.
[info] 
[debug] [2022-04-30T20:38:44.655Z] Error: kill ENOSYS
    at process.kill (node:internal/process/per_thread:215:13)
    at process.listener (C:\Users\AC\AppData\Roaming\npm\node_modules\firebase-tools\node_modules\signal-exit\index.js:95:15)
    at process.emit (node:events:390:28)
[error] 
[error] Error: An unexpected error has occurred.
[debug] [2022-04-30T20:39:44.023Z] ----------------------------------------------------------------------
[debug] [2022-04-30T20:39:44.025Z] Command:       C:\Program Files\nodejs\node.exe C:\Users\AC\AppData\Roaming\npm\node_modules\firebase-tools\lib\bin\firebase.js init
[debug] [2022-04-30T20:39:44.025Z] CLI Version:   10.6.0
[debug] [2022-04-30T20:39:44.025Z] Platform:      win32
[debug] [2022-04-30T20:39:44.025Z] Node Version:  v16.13.1
[debug] [2022-04-30T20:39:44.033Z] Time:          Sun May 01 2022 02:39:44 GMT+0600 (Bangladesh Standard Time)
[debug] [2022-04-30T20:39:44.034Z] ----------------------------------------------------------------------
[debug] 
[debug] [2022-04-30T20:39:44.083Z] > command requires scopes: ["email","openid","https://www.googleapis.com/auth/cloudplatformprojects.readonly","https://www.googleapis.com/auth/firebase","https://www.googleapis.com/auth/cloud-platform"]
[debug] [2022-04-30T20:39:44.083Z] > authorizing via signed-in user (shakilahamed.ict.iu@gmail.com)
[info] 
     ######## #### ########  ######## ########     ###     ######  ########
     ##        ##  ##     ## ##       ##     ##  ##   ##  ##       ##
     ######    ##  ########  ######   ########  #########  ######  ######
     ##        ##  ##    ##  ##       ##     ## ##     ##       ## ##
     ##       #### ##     ## ######## ########  ##     ##  ######  ########

You're about to initialize a Firebase project in this directory:

  C:\projects

Before we get started, keep in mind:

  * You are currently outside your home directory
  * You are initializing within an existing Firebase project directory

[info] 
=== Project Setup
[info] 
[info] First, let's associate this project directory with a Firebase project.
[info] You can create multiple project aliases by running firebase use --add, 
[info] but for now we'll just set up a default project.
[info] 
[debug] [2022-04-30T20:39:56.062Z] Using project from CLI flag: dentist-website-aabe2
[debug] [2022-04-30T20:39:56.065Z] >>> [apiv2][query] GET https://firebase.googleapis.com/v1beta1/projects/dentist-website-aabe2 [none]
[debug] [2022-04-30T20:39:56.885Z] <<< [apiv2][status] GET https://firebase.googleapis.com/v1beta1/projects/dentist-website-aabe2 200
[debug] [2022-04-30T20:39:56.885Z] <<< [apiv2][body] GET https://firebase.googleapis.com/v1beta1/projects/dentist-website-aabe2 {"projectId":"dentist-website-aabe2","projectNumber":"66757909785","displayName":"dentist-website","name":"projects/dentist-website-aabe2","resources":{"hostingSite":"dentist-website-aabe2"},"state":"ACTIVE"}
[info] i  Using project dentist-website-aabe2 (dentist-website) 
[info] 
=== Hosting Setup
[info] 
[info] Your public directory is the folder (relative to your project directory) that
[info] will contain Hosting assets to be uploaded with firebase deploy. If you
[info] have a build process for your assets, use your build's output directory.
[info] 
[debug] [2022-04-30T20:40:01.173Z] Error: kill ENOSYS
    at process.kill (node:internal/process/per_thread:215:13)
    at process.listener (C:\Users\AC\AppData\Roaming\npm\node_modules\firebase-tools\node_modules\signal-exit\index.js:95:15)
    at process.emit (node:events:390:28)
[error] 
[error] Error: An unexpected error has occurred.
